c:\users\user\source\repos\dx\dx11_1\dx11_1\x64\debug\vc142.pdb
c:\users\user\source\repos\dx\dx11_1\dx11_1\x64\debug\vc142.idb
c:\users\user\source\repos\dx\dx11_1\dx11_1\x64\debug\vertexdata.obj
c:\users\user\source\repos\dx\dx11_1\dx11_1\x64\debug\vertexbuffer.obj
c:\users\user\source\repos\dx\dx11_1\dx11_1\x64\debug\texture.obj
c:\users\user\source\repos\dx\dx11_1\dx11_1\x64\debug\simplemath.obj
c:\users\user\source\repos\dx\dx11_1\dx11_1\x64\debug\shader.obj
c:\users\user\source\repos\dx\dx11_1\dx11_1\x64\debug\samplerstate.obj
c:\users\user\source\repos\dx\dx11_1\dx11_1\x64\debug\rasterizerstate.obj
c:\users\user\source\repos\dx\dx11_1\dx11_1\x64\debug\pch.obj
c:\users\user\source\repos\dx\dx11_1\dx11_1\x64\debug\inputlayout.obj
c:\users\user\source\repos\dx\dx11_1\dx11_1\x64\debug\indexbuffer.obj
c:\users\user\source\repos\dx\dx11_1\dx11_1\x64\debug\graphics.obj
c:\users\user\source\repos\dx\dx11_1\dx11_1\x64\debug\geometryhelper.obj
c:\users\user\source\repos\dx\dx11_1\dx11_1\x64\debug\geometry.obj
c:\users\user\source\repos\dx\dx11_1\dx11_1\x64\debug\game.obj
c:\users\user\source\repos\dx\dx11_1\dx11_1\x64\debug\dx11_1.obj
c:\users\user\source\repos\dx\dx11_1\dx11_1\x64\debug\constantbuffer.obj
c:\users\user\source\repos\dx\dx11_1\dx11_1\x64\debug\blendstate.obj
c:\users\user\source\repos\dx\dx11_1\binaries\default.cso
c:\users\user\source\repos\dx\dx11_1\dx11_1\x64\debug\dx11_1.ilk
c:\users\user\source\repos\dx\dx11_1\binaries\dx11_1.exe
c:\users\user\source\repos\dx\dx11_1\binaries\dx11_1.pdb
c:\users\user\source\repos\dx\dx11_1\dx11_1\x64\debug\dx11_1.res
c:\users\user\source\repos\dx\dx11_1\dx11_1\x64\debug\dx11_1.tlog\cl.command.1.tlog
c:\users\user\source\repos\dx\dx11_1\dx11_1\x64\debug\dx11_1.tlog\cl.read.1.tlog
c:\users\user\source\repos\dx\dx11_1\dx11_1\x64\debug\dx11_1.tlog\cl.write.1.tlog
c:\users\user\source\repos\dx\dx11_1\dx11_1\x64\debug\dx11_1.tlog\fxc.command.1.tlog
c:\users\user\source\repos\dx\dx11_1\dx11_1\x64\debug\dx11_1.tlog\fxc.read.1.tlog
c:\users\user\source\repos\dx\dx11_1\dx11_1\x64\debug\dx11_1.tlog\fxc.write.1.tlog
c:\users\user\source\repos\dx\dx11_1\dx11_1\x64\debug\dx11_1.tlog\link.command.1.tlog
c:\users\user\source\repos\dx\dx11_1\dx11_1\x64\debug\dx11_1.tlog\link.read.1.tlog
c:\users\user\source\repos\dx\dx11_1\dx11_1\x64\debug\dx11_1.tlog\link.write.1.tlog
c:\users\user\source\repos\dx\dx11_1\dx11_1\x64\debug\dx11_1.tlog\rc.command.1.tlog
c:\users\user\source\repos\dx\dx11_1\dx11_1\x64\debug\dx11_1.tlog\rc.read.1.tlog
c:\users\user\source\repos\dx\dx11_1\dx11_1\x64\debug\dx11_1.tlog\rc.write.1.tlog
