  compilation object save succeeded; see C:\Users\user\source\repos\DX\dx11_1\Binaries\Default.cso
  BlendState.cpp
  ConstantBuffer.cpp
  dx11_1.cpp
  Game.cpp
C:\Users\user\source\repos\DX\dx11_1\dx11_1\Game.cpp(107,62): warning C4267: '인수': 'size_t'에서 'uint32'(으)로 변환하면서 데이터가 손실될 수 있습니다.
  Geometry.cpp
  GeometryHelper.cpp
  Graphics.cpp
  IndexBuffer.cpp
  InputLayout.cpp
  pch.cpp
  Pipeline.cpp
  RasterizerState.cpp
  SamplerState.cpp
  Shader.cpp
  SimpleMath.cpp
  Texture.cpp
  VertexBuffer.cpp
  VertexData.cpp
  코드를 생성하고 있습니다...
DirectXTex_debug.lib(BC.obj) : warning LNK4099: 'DirectXTex.pdb' PDB를 'DirectXTex_debug.lib(BC.obj)' 또는 'C:\Users\user\source\repos\DX\dx11_1\Binaries\DirectXTex.pdb'에서 찾을 수 없습니다. 디버그 정보가 없는 것처럼 개체를 링크합니다.
DirectXTex_debug.lib(BC4BC5.obj) : warning LNK4099: 'DirectXTex.pdb' PDB를 'DirectXTex_debug.lib(BC4BC5.obj)' 또는 'C:\Users\user\source\repos\DX\dx11_1\Binaries\DirectXTex.pdb'에서 찾을 수 없습니다. 디버그 정보가 없는 것처럼 개체를 링크합니다.
DirectXTex_debug.lib(BC6HBC7.obj) : warning LNK4099: 'DirectXTex.pdb' PDB를 'DirectXTex_debug.lib(BC6HBC7.obj)' 또는 'C:\Users\user\source\repos\DX\dx11_1\Binaries\DirectXTex.pdb'에서 찾을 수 없습니다. 디버그 정보가 없는 것처럼 개체를 링크합니다.
DirectXTex_debug.lib(DirectXTexCompress.obj) : warning LNK4099: 'DirectXTex.pdb' PDB를 'DirectXTex_debug.lib(DirectXTexCompress.obj)' 또는 'C:\Users\user\source\repos\DX\dx11_1\Binaries\DirectXTex.pdb'에서 찾을 수 없습니다. 디버그 정보가 없는 것처럼 개체를 링크합니다.
DirectXTex_debug.lib(DirectXTexConvert.obj) : warning LNK4099: 'DirectXTex.pdb' PDB를 'DirectXTex_debug.lib(DirectXTexConvert.obj)' 또는 'C:\Users\user\source\repos\DX\dx11_1\Binaries\DirectXTex.pdb'에서 찾을 수 없습니다. 디버그 정보가 없는 것처럼 개체를 링크합니다.
DirectXTex_debug.lib(DirectXTexD3D11.obj) : warning LNK4099: 'DirectXTex.pdb' PDB를 'DirectXTex_debug.lib(DirectXTexD3D11.obj)' 또는 'C:\Users\user\source\repos\DX\dx11_1\Binaries\DirectXTex.pdb'에서 찾을 수 없습니다. 디버그 정보가 없는 것처럼 개체를 링크합니다.
DirectXTex_debug.lib(DirectXTexImage.obj) : warning LNK4099: 'DirectXTex.pdb' PDB를 'DirectXTex_debug.lib(DirectXTexImage.obj)' 또는 'C:\Users\user\source\repos\DX\dx11_1\Binaries\DirectXTex.pdb'에서 찾을 수 없습니다. 디버그 정보가 없는 것처럼 개체를 링크합니다.
DirectXTex_debug.lib(DirectXTexMipMaps.obj) : warning LNK4099: 'DirectXTex.pdb' PDB를 'DirectXTex_debug.lib(DirectXTexMipMaps.obj)' 또는 'C:\Users\user\source\repos\DX\dx11_1\Binaries\DirectXTex.pdb'에서 찾을 수 없습니다. 디버그 정보가 없는 것처럼 개체를 링크합니다.
DirectXTex_debug.lib(DirectXTexUtil.obj) : warning LNK4099: 'DirectXTex.pdb' PDB를 'DirectXTex_debug.lib(DirectXTexUtil.obj)' 또는 'C:\Users\user\source\repos\DX\dx11_1\Binaries\DirectXTex.pdb'에서 찾을 수 없습니다. 디버그 정보가 없는 것처럼 개체를 링크합니다.
DirectXTex_debug.lib(DirectXTexWIC.obj) : warning LNK4099: 'DirectXTex.pdb' PDB를 'DirectXTex_debug.lib(DirectXTexWIC.obj)' 또는 'C:\Users\user\source\repos\DX\dx11_1\Binaries\DirectXTex.pdb'에서 찾을 수 없습니다. 디버그 정보가 없는 것처럼 개체를 링크합니다.
  dx11_1.vcxproj -> C:\Users\user\source\repos\DX\dx11_1\Binaries\dx11_1.exe
