C:\Program Files (x86)\Microsoft Visual Studio\2019\Community\MSBuild\Microsoft\VC\v160\Microsoft.CppBuild.targets(513,5): warning MSB8028: 중간 디렉터리(C:\Users\user\source\repos\DX\dx11_2\Intermediate\Debug\)에 다른 프로젝트(Client.vcxproj, Engine.vcxproj)에서 공유하는 파일이 포함되어 있습니다.  이로 인해 잘못된 정리 및 다시 빌드 동작이 수행될 수 있습니다.
  AnimationDemo.cpp
C:\Users\user\source\repos\DX\dx11_2\Libraries\Include\Engine\Model.h(28,29): warning C4267: 'return': 'size_t'에서 'uint32'(으)로 변환하면서 데이터가 손실될 수 있습니다.
  Converter.cpp
C:\Users\user\source\repos\DX\dx11_2\AssimpTool\Converter.cpp(118,20): warning C4018: '<': signed 또는 unsigned가 일치하지 않습니다.
C:\Users\user\source\repos\DX\dx11_2\AssimpTool\Converter.cpp(120,57): warning C4267: '인수': 'size_t'에서 'int32'(으)로 변환하면서 데이터가 손실될 수 있습니다.
C:\Users\user\source\repos\DX\dx11_2\AssimpTool\Converter.cpp(145,51): warning C4267: '초기화 중': 'size_t'에서 'uint32'(으)로 변환하면서 데이터가 손실될 수 있습니다.
C:\Users\user\source\repos\DX\dx11_2\AssimpTool\Converter.cpp(145,51): warning C4267: '초기화 중': 'size_t'에서 'const uint32'(으)로 변환하면서 데이터가 손실될 수 있습니다.
C:\Users\user\source\repos\DX\dx11_2\AssimpTool\Converter.cpp(231,35): warning C4267: '인수': 'size_t'에서 'const T'(으)로 변환하면서 데이터가 손실될 수 있습니다.
          with
          [
              T=uint32
          ]
C:\Users\user\source\repos\DX\dx11_2\AssimpTool\Converter.cpp(241,36): warning C4267: '인수': 'size_t'에서 'const T'(으)로 변환하면서 데이터가 손실될 수 있습니다.
          with
          [
              T=uint32
          ]
C:\Users\user\source\repos\DX\dx11_2\AssimpTool\Converter.cpp(249,48): warning C4267: '인수': 'size_t'에서 'const T'(으)로 변환하면서 데이터가 손실될 수 있습니다.
          with
          [
              T=uint32
          ]
C:\Users\user\source\repos\DX\dx11_2\AssimpTool\Converter.cpp(250,85): warning C4267: '인수': 'size_t'에서 'uint32'(으)로 변환하면서 데이터가 손실될 수 있습니다.
C:\Users\user\source\repos\DX\dx11_2\AssimpTool\Converter.cpp(253,47): warning C4267: '인수': 'size_t'에서 'const T'(으)로 변환하면서 데이터가 손실될 수 있습니다.
          with
          [
              T=uint32
          ]
C:\Users\user\source\repos\DX\dx11_2\AssimpTool\Converter.cpp(254,79): warning C4267: '인수': 'size_t'에서 'uint32'(으)로 변환하면서 데이터가 손실될 수 있습니다.
C:\Users\user\source\repos\DX\dx11_2\AssimpTool\Converter.cpp(431,50): warning C4244: '=': 'double'에서 'uint32'(으)로 변환하면서 데이터가 손실될 수 있습니다.
C:\Users\user\source\repos\DX\dx11_2\AssimpTool\Converter.cpp(465,35): warning C4267: '초기화 중': 'size_t'에서 'uint32'(으)로 변환하면서 데이터가 손실될 수 있습니다.
C:\Users\user\source\repos\DX\dx11_2\AssimpTool\Converter.cpp(508,63): warning C4267: '초기화 중': 'size_t'에서 'uint32'(으)로 변환하면서 데이터가 손실될 수 있습니다.
C:\Users\user\source\repos\DX\dx11_2\AssimpTool\Converter.cpp(564,49): warning C4267: '인수': 'size_t'에서 'const T'(으)로 변환하면서 데이터가 손실될 수 있습니다.
          with
          [
              T=uint32
          ]
C:\Users\user\source\repos\DX\dx11_2\AssimpTool\Converter.cpp(570,50): warning C4267: '인수': 'size_t'에서 'const T'(으)로 변환하면서 데이터가 손실될 수 있습니다.
          with
          [
              T=uint32
          ]
C:\Users\user\source\repos\DX\dx11_2\AssimpTool\Converter.cpp(571,93): warning C4267: '인수': 'size_t'에서 'uint32'(으)로 변환하면서 데이터가 손실될 수 있습니다.
  ImGuiDemo.cpp
C:\Users\user\source\repos\DX\dx11_2\Libraries\Include\Engine\Model.h(28,29): warning C4267: 'return': 'size_t'에서 'uint32'(으)로 변환하면서 데이터가 손실될 수 있습니다.
  SkyDemo.cpp
C:\Users\user\source\repos\DX\dx11_2\Libraries\Include\Engine\Model.h(28,29): warning C4267: 'return': 'size_t'에서 'uint32'(으)로 변환하면서 데이터가 손실될 수 있습니다.
  StaticMeshDemo.cpp
C:\Users\user\source\repos\DX\dx11_2\Libraries\Include\Engine\Model.h(28,29): warning C4267: 'return': 'size_t'에서 'uint32'(으)로 변환하면서 데이터가 손실될 수 있습니다.
  TweenDemo.cpp
C:\Users\user\source\repos\DX\dx11_2\Libraries\Include\Engine\Model.h(28,29): warning C4267: 'return': 'size_t'에서 'uint32'(으)로 변환하면서 데이터가 손실될 수 있습니다.
  코드를 생성하고 있습니다...
Main.obj : error LNK2001: 확인할 수 없는 외부 기호 "public: virtual void __cdecl InstancingDemo::Init(void)" (?Init@InstancingDemo@@UEAAXXZ)
Main.obj : error LNK2001: 확인할 수 없는 외부 기호 "public: virtual void __cdecl InstancingDemo::Update(void)" (?Update@InstancingDemo@@UEAAXXZ)
Main.obj : error LNK2001: 확인할 수 없는 외부 기호 "public: virtual void __cdecl InstancingDemo::Render(void)" (?Render@InstancingDemo@@UEAAXXZ)
C:\Users\user\source\repos\DX\dx11_2\Binaries\AssimpTool.exe : fatal error LNK1120: 3개의 확인할 수 없는 외부 참조입니다.
