c:\users\user\source\repos\dx\dx11_2\intermediate\debug\client.pch
c:\users\user\source\repos\dx\dx11_2\intermediate\debug\vc142.pdb
c:\users\user\source\repos\dx\dx11_2\intermediate\debug\vc142.idb
c:\users\user\source\repos\dx\dx11_2\intermediate\debug\pch.obj
c:\users\user\source\repos\dx\dx11_2\intermediate\debug\21. modelinstancingdemo.obj
c:\users\user\source\repos\dx\dx11_2\intermediate\debug\20. meshinstancingdemo.obj
c:\users\user\source\repos\dx\dx11_2\intermediate\debug\19. instancingdemo.obj
c:\users\user\source\repos\dx\dx11_2\intermediate\debug\18. normalmappingdemo.obj
c:\users\user\source\repos\dx\dx11_2\intermediate\debug\17. materialdemo.obj
c:\users\user\source\repos\dx\dx11_2\intermediate\debug\16. lightingdemo.obj
c:\users\user\source\repos\dx\dx11_2\intermediate\debug\15. emissivedemo.obj
c:\users\user\source\repos\dx\dx11_2\intermediate\debug\14. speculardemo.obj
c:\users\user\source\repos\dx\dx11_2\intermediate\debug\13. diffusedemo.obj
c:\users\user\source\repos\dx\dx11_2\intermediate\debug\12. ambientdemo.obj
c:\users\user\source\repos\dx\dx11_2\intermediate\debug\11. depthstencildemo.obj
c:\users\user\source\repos\dx\dx11_2\intermediate\debug\10. globaltestdemo.obj
c:\users\user\source\repos\dx\dx11_2\intermediate\debug\09. meshdemo.obj
c:\users\user\source\repos\dx\dx11_2\intermediate\debug\08. normaldemo.obj
c:\users\user\source\repos\dx\dx11_2\intermediate\debug\07. heightmapdemo.obj
c:\users\user\source\repos\dx\dx11_2\intermediate\debug\06. samplingdemo.obj
c:\users\user\source\repos\dx\dx11_2\intermediate\debug\05. texturedemo.obj
c:\users\user\source\repos\dx\dx11_2\intermediate\debug\04. camerademo.obj
c:\users\user\source\repos\dx\dx11_2\intermediate\debug\03. constbufferdemo.obj
c:\users\user\source\repos\dx\dx11_2\intermediate\debug\02. quaddemo.obj
c:\users\user\source\repos\dx\dx11_2\intermediate\debug\01. triangledemo.obj
c:\users\user\source\repos\dx\dx11_2\intermediate\debug\main.obj
c:\users\user\source\repos\dx\dx11_2\intermediate\debug\camerascript.obj
c:\users\user\source\repos\dx\dx11_2\intermediate\debug\23. renderdemo.obj
c:\users\user\source\repos\dx\dx11_2\intermediate\debug\22. animinstancingdemo.obj
c:\users\user\source\repos\dx\dx11_2\binaries\00. global.cso
c:\users\user\source\repos\dx\dx11_2\binaries\00. light.cso
c:\users\user\source\repos\dx\dx11_2\binaries\00. render.cso
c:\users\user\source\repos\dx\dx11_2\binaries\01. triangle.cso
c:\users\user\source\repos\dx\dx11_2\binaries\02. quad.cso
c:\users\user\source\repos\dx\dx11_2\binaries\03. constbuffer.cso
c:\users\user\source\repos\dx\dx11_2\binaries\04. texture.cso
c:\users\user\source\repos\dx\dx11_2\binaries\05. sampler.cso
c:\users\user\source\repos\dx\dx11_2\binaries\06. terrain.cso
c:\users\user\source\repos\dx\dx11_2\binaries\07. normal.cso
c:\users\user\source\repos\dx\dx11_2\binaries\08. globaltest.cso
c:\users\user\source\repos\dx\dx11_2\binaries\09. lighting_ambient.cso
c:\users\user\source\repos\dx\dx11_2\binaries\10. lighting_diffuse.cso
c:\users\user\source\repos\dx\dx11_2\binaries\11. lighting_specular.cso
c:\users\user\source\repos\dx\dx11_2\binaries\12. lighting_emissive.cso
c:\users\user\source\repos\dx\dx11_2\binaries\13. lighting.cso
c:\users\user\source\repos\dx\dx11_2\binaries\14. normalmapping.cso
c:\users\user\source\repos\dx\dx11_2\binaries\15. modeldemo.cso
c:\users\user\source\repos\dx\dx11_2\binaries\16. animationdemo.cso
c:\users\user\source\repos\dx\dx11_2\binaries\17. tweendemo.cso
c:\users\user\source\repos\dx\dx11_2\binaries\18. skydemo.cso
c:\users\user\source\repos\dx\dx11_2\binaries\19. instancingdemo.cso
c:\users\user\source\repos\dx\dx11_2\binaries\20. meshinstancingdemo.cso
c:\users\user\source\repos\dx\dx11_2\binaries\21. modelinstancingdemo.cso
c:\users\user\source\repos\dx\dx11_2\binaries\22. animinstancingdemo.cso
c:\users\user\source\repos\dx\dx11_2\binaries\23. renderdemo.cso
c:\users\user\source\repos\dx\dx11_2\intermediate\debug\client.tlog\cl.command.1.tlog
c:\users\user\source\repos\dx\dx11_2\intermediate\debug\client.tlog\cl.read.1.tlog
c:\users\user\source\repos\dx\dx11_2\intermediate\debug\client.tlog\cl.write.1.tlog
c:\users\user\source\repos\dx\dx11_2\intermediate\debug\client.tlog\fxc.command.1.tlog
c:\users\user\source\repos\dx\dx11_2\intermediate\debug\client.tlog\fxc.read.1.tlog
c:\users\user\source\repos\dx\dx11_2\intermediate\debug\client.tlog\fxc.write.1.tlog
