C:\Program Files (x86)\Microsoft Visual Studio\2019\Community\MSBuild\Microsoft\VC\v160\Microsoft.CppBuild.targets(513,5): warning MSB8028: 중간 디렉터리(C:\Users\user\source\repos\DX\dx11_2\Intermediate\Debug\)에 다른 프로젝트(AssimpTool.vcxproj, Engine.vcxproj)에서 공유하는 파일이 포함되어 있습니다.  이로 인해 잘못된 정리 및 다시 빌드 동작이 수행될 수 있습니다.
FXC : warning X4717: Effects deprecated for D3DCompiler_47
C:\Users\user\source\repos\DX\dx11_2\Shaders\00. Render.fx(27,2-39): warning X3206: implicit truncation of vector type
C:\Users\user\source\repos\DX\dx11_2\Shaders\00. Render.fx(61,2-39): warning X3206: implicit truncation of vector type
C:\Users\user\source\repos\DX\dx11_2\Shaders\00. Render.fx(177,2-39): warning X3206: implicit truncation of vector type
  
  compilation object save succeeded; see C:\Users\user\source\repos\DX\dx11_2\Binaries\00. Render.cso
FXC : warning X4717: Effects deprecated for D3DCompiler_47
  
  compilation object save succeeded; see C:\Users\user\source\repos\DX\dx11_2\Binaries\01. Triangle.cso
FXC : warning X4717: Effects deprecated for D3DCompiler_47
  
  compilation object save succeeded; see C:\Users\user\source\repos\DX\dx11_2\Binaries\02. Quad.cso
FXC : warning X4717: Effects deprecated for D3DCompiler_47
  
  compilation object save succeeded; see C:\Users\user\source\repos\DX\dx11_2\Binaries\03. ConstBuffer.cso
FXC : warning X4717: Effects deprecated for D3DCompiler_47
  
  compilation object save succeeded; see C:\Users\user\source\repos\DX\dx11_2\Binaries\04. Texture.cso
FXC : warning X4717: Effects deprecated for D3DCompiler_47
  
  compilation object save succeeded; see C:\Users\user\source\repos\DX\dx11_2\Binaries\05. Sampler.cso
FXC : warning X4717: Effects deprecated for D3DCompiler_47
  
  compilation object save succeeded; see C:\Users\user\source\repos\DX\dx11_2\Binaries\06. Terrain.cso
FXC : warning X4717: Effects deprecated for D3DCompiler_47
  
  compilation object save succeeded; see C:\Users\user\source\repos\DX\dx11_2\Binaries\07. Normal.cso
FXC : warning X4717: Effects deprecated for D3DCompiler_47
  
  compilation object save succeeded; see C:\Users\user\source\repos\DX\dx11_2\Binaries\08. GlobalTest.cso
FXC : warning X4717: Effects deprecated for D3DCompiler_47
  
  compilation object save succeeded; see C:\Users\user\source\repos\DX\dx11_2\Binaries\09. Lighting_Ambient.cso
FXC : warning X4717: Effects deprecated for D3DCompiler_47
  
  compilation object save succeeded; see C:\Users\user\source\repos\DX\dx11_2\Binaries\10. Lighting_Diffuse.cso
FXC : warning X4717: Effects deprecated for D3DCompiler_47
C:\Users\user\source\repos\DX\dx11_2\Shaders\11. Lighting_Specular.fx(14,2-38): warning X3206: implicit truncation of vector type
C:\Users\user\source\repos\DX\dx11_2\Shaders\11. Lighting_Specular.fx(9,13-40): warning X3578: Output value 'VS' is not completely initialized
  
  compilation object save succeeded; see C:\Users\user\source\repos\DX\dx11_2\Binaries\11. Lighting_Specular.cso
FXC : warning X4717: Effects deprecated for D3DCompiler_47
C:\Users\user\source\repos\DX\dx11_2\Shaders\12. Lighting_Emissive.fx(10,2-39): warning X3206: implicit truncation of vector type
C:\Users\user\source\repos\DX\dx11_2\Shaders\12. Lighting_Emissive.fx(5,13-40): warning X3578: Output value 'VS' is not completely initialized
  
  compilation object save succeeded; see C:\Users\user\source\repos\DX\dx11_2\Binaries\12. Lighting_Emissive.cso
FXC : warning X4717: Effects deprecated for D3DCompiler_47
C:\Users\user\source\repos\DX\dx11_2\Shaders\13. Lighting.fx(4,13-40): warning X3578: Output value 'VS' is not completely initialized
  
  compilation object save succeeded; see C:\Users\user\source\repos\DX\dx11_2\Binaries\13. Lighting.cso
FXC : warning X4717: Effects deprecated for D3DCompiler_47
  
  compilation object save succeeded; see C:\Users\user\source\repos\DX\dx11_2\Binaries\14. NormalMapping.cso
FXC : warning X4717: Effects deprecated for D3DCompiler_47
  
  compilation object save succeeded; see C:\Users\user\source\repos\DX\dx11_2\Binaries\15. ModelDemo.cso
FXC : warning X4717: Effects deprecated for D3DCompiler_47
  
  compilation object save succeeded; see C:\Users\user\source\repos\DX\dx11_2\Binaries\16. AnimationDemo.cso
FXC : warning X4717: Effects deprecated for D3DCompiler_47
  
  compilation object save succeeded; see C:\Users\user\source\repos\DX\dx11_2\Binaries\17. TweenDemo.cso
FXC : warning X4717: Effects deprecated for D3DCompiler_47
  
  compilation object save succeeded; see C:\Users\user\source\repos\DX\dx11_2\Binaries\18. SkyDemo.cso
FXC : warning X4717: Effects deprecated for D3DCompiler_47
  
  compilation object save succeeded; see C:\Users\user\source\repos\DX\dx11_2\Binaries\19. InstancingDemo.cso
FXC : warning X4717: Effects deprecated for D3DCompiler_47
  
  compilation object save succeeded; see C:\Users\user\source\repos\DX\dx11_2\Binaries\20. MeshInstancingDemo.cso
FXC : warning X4717: Effects deprecated for D3DCompiler_47
  
  compilation object save succeeded; see C:\Users\user\source\repos\DX\dx11_2\Binaries\21. ModelInstancingDemo.cso
FXC : warning X4717: Effects deprecated for D3DCompiler_47
  
  compilation object save succeeded; see C:\Users\user\source\repos\DX\dx11_2\Binaries\22. AnimInstancingDemo.cso
FXC : warning X4717: Effects deprecated for D3DCompiler_47
C:\Users\user\source\repos\DX\dx11_2\Shaders\00. Render.fx(27,2-39): warning X3206: implicit truncation of vector type
C:\Users\user\source\repos\DX\dx11_2\Shaders\00. Render.fx(61,2-39): warning X3206: implicit truncation of vector type
C:\Users\user\source\repos\DX\dx11_2\Shaders\00. Render.fx(177,2-39): warning X3206: implicit truncation of vector type
C:\Users\user\source\repos\DX\dx11_2\Shaders\00. Render.fx(22,18-36): warning X3578: Output value 'VS_Mesh' is not completely initialized
C:\Users\user\source\repos\DX\dx11_2\Shaders\00. Render.fx(55,19-38): warning X3578: Output value 'VS_Model' is not completely initialized
  
  compilation object save succeeded; see C:\Users\user\source\repos\DX\dx11_2\Binaries\23. RenderDemo.cso
  pch.cpp
C:\Users\user\source\repos\DX\dx11_2\Libraries\Include\Engine\ResourceBase.h(5,2): warning C4309: '초기화 중': 상수 값이 잘립니다.
C:\Users\user\source\repos\DX\dx11_2\Libraries\Include\Engine\ResourceBase.h(5,11): warning C4369: 'ResourceType::None':  열거자 값 '-1'을(를) 'unsigned char'(으)로 나타낼 수 없습니다. 값은 '255'입니다.
C:\Users\user\source\repos\DX\dx11_2\Libraries\Include\Engine\ResourceBase.h(6,6): warning C4340: 'Mesh': 양의 값에서 음의 값으로 값이 래핑되었습니다.
C:\Users\user\source\repos\DX\dx11_2\Libraries\Include\Engine\ResourceBase.h(6,2): warning C4309: '초기화 중': 상수 값이 잘립니다.
C:\Users\user\source\repos\DX\dx11_2\Libraries\Include\Engine\ResourceBase.h(6,6): warning C4369: 'ResourceType::Mesh':  열거자 값 '256'을(를) 'unsigned char'(으)로 나타낼 수 없습니다. 값은 '0'입니다.
  02. QuadDemo.cpp
  03. ConstBufferDemo.cpp
  04. CameraDemo.cpp
  05. TextureDemo.cpp
  06. SamplingDemo.cpp
  07. HeightMapDemo.cpp
C:\Users\user\source\repos\DX\dx11_2\Client\07. HeightMapDemo.cpp(15,43): warning C4244: '초기화 중': 'float'에서 'int32'(으)로 변환하면서 데이터가 손실될 수 있습니다.
C:\Users\user\source\repos\DX\dx11_2\Client\07. HeightMapDemo.cpp(15,20): warning C4244: '초기화 중': 'float'에서 'const int32'(으)로 변환하면서 데이터가 손실될 수 있습니다.
C:\Users\user\source\repos\DX\dx11_2\Client\07. HeightMapDemo.cpp(16,44): warning C4244: '초기화 중': 'float'에서 'int32'(으)로 변환하면서 데이터가 손실될 수 있습니다.
C:\Users\user\source\repos\DX\dx11_2\Client\07. HeightMapDemo.cpp(16,21): warning C4244: '초기화 중': 'float'에서 'const int32'(으)로 변환하면서 데이터가 손실될 수 있습니다.
C:\Users\user\source\repos\DX\dx11_2\Client\07. HeightMapDemo.cpp(34,18): warning C4244: '초기화 중': 'float'에서 'uint8'(으)로 변환하면서 데이터가 손실될 수 있습니다.
  08. NormalDemo.cpp
  09. MeshDemo.cpp
  10. GlobalTestDemo.cpp
  11. DepthStencilDemo.cpp
  12. AmbientDemo.cpp
  13. DiffuseDemo.cpp
  14. SpecularDemo.cpp
  15. EmissiveDemo.cpp
  16. LightingDemo.cpp
  17. MaterialDemo.cpp
  18. NormalMappingDemo.cpp
  19. InstancingDemo.cpp
C:\Users\user\source\repos\DX\dx11_2\Libraries\Include\Engine\Model.h(28,29): warning C4267: 'return': 'size_t'에서 'uint32'(으)로 변환하면서 데이터가 손실될 수 있습니다.
C:\Users\user\source\repos\DX\dx11_2\Client\19. InstancingDemo.cpp(111,87): warning C4267: '인수': 'size_t'에서 'UINT'(으)로 변환하면서 데이터가 손실될 수 있습니다.
  20. MeshInstancingDemo.cpp
C:\Users\user\source\repos\DX\dx11_2\Libraries\Include\Engine\Model.h(28,29): warning C4267: 'return': 'size_t'에서 'uint32'(으)로 변환하면서 데이터가 손실될 수 있습니다.
  21. ModelInstancingDemo.cpp
C:\Users\user\source\repos\DX\dx11_2\Libraries\Include\Engine\Model.h(28,29): warning C4267: 'return': 'size_t'에서 'uint32'(으)로 변환하면서 데이터가 손실될 수 있습니다.
  코드를 생성하고 있습니다...
  컴파일하고 있습니다...
  22. AnimInstancingDemo.cpp
C:\Users\user\source\repos\DX\dx11_2\Libraries\Include\Engine\Model.h(28,29): warning C4267: 'return': 'size_t'에서 'uint32'(으)로 변환하면서 데이터가 손실될 수 있습니다.
  23. RenderDemo.cpp
C:\Users\user\source\repos\DX\dx11_2\Libraries\Include\Engine\Model.h(28,29): warning C4267: 'return': 'size_t'에서 'uint32'(으)로 변환하면서 데이터가 손실될 수 있습니다.
  CameraScript.cpp
  Main.cpp
  01. TriangleDemo.cpp
  코드를 생성하고 있습니다...
DirectXTex_debug.lib(BC.obj) : warning LNK4099: 'DirectXTex.pdb' PDB를 'DirectXTex_debug.lib(BC.obj)' 또는 'C:\Users\user\source\repos\DX\dx11_2\Binaries\DirectXTex.pdb'에서 찾을 수 없습니다. 디버그 정보가 없는 것처럼 개체를 링크합니다.
DirectXTex_debug.lib(BC4BC5.obj) : warning LNK4099: 'DirectXTex.pdb' PDB를 'DirectXTex_debug.lib(BC4BC5.obj)' 또는 'C:\Users\user\source\repos\DX\dx11_2\Binaries\DirectXTex.pdb'에서 찾을 수 없습니다. 디버그 정보가 없는 것처럼 개체를 링크합니다.
DirectXTex_debug.lib(BC6HBC7.obj) : warning LNK4099: 'DirectXTex.pdb' PDB를 'DirectXTex_debug.lib(BC6HBC7.obj)' 또는 'C:\Users\user\source\repos\DX\dx11_2\Binaries\DirectXTex.pdb'에서 찾을 수 없습니다. 디버그 정보가 없는 것처럼 개체를 링크합니다.
DirectXTex_debug.lib(DirectXTexCompress.obj) : warning LNK4099: 'DirectXTex.pdb' PDB를 'DirectXTex_debug.lib(DirectXTexCompress.obj)' 또는 'C:\Users\user\source\repos\DX\dx11_2\Binaries\DirectXTex.pdb'에서 찾을 수 없습니다. 디버그 정보가 없는 것처럼 개체를 링크합니다.
DirectXTex_debug.lib(DirectXTexConvert.obj) : warning LNK4099: 'DirectXTex.pdb' PDB를 'DirectXTex_debug.lib(DirectXTexConvert.obj)' 또는 'C:\Users\user\source\repos\DX\dx11_2\Binaries\DirectXTex.pdb'에서 찾을 수 없습니다. 디버그 정보가 없는 것처럼 개체를 링크합니다.
DirectXTex_debug.lib(DirectXTexD3D11.obj) : warning LNK4099: 'DirectXTex.pdb' PDB를 'DirectXTex_debug.lib(DirectXTexD3D11.obj)' 또는 'C:\Users\user\source\repos\DX\dx11_2\Binaries\DirectXTex.pdb'에서 찾을 수 없습니다. 디버그 정보가 없는 것처럼 개체를 링크합니다.
DirectXTex_debug.lib(DirectXTexImage.obj) : warning LNK4099: 'DirectXTex.pdb' PDB를 'DirectXTex_debug.lib(DirectXTexImage.obj)' 또는 'C:\Users\user\source\repos\DX\dx11_2\Binaries\DirectXTex.pdb'에서 찾을 수 없습니다. 디버그 정보가 없는 것처럼 개체를 링크합니다.
DirectXTex_debug.lib(DirectXTexMipMaps.obj) : warning LNK4099: 'DirectXTex.pdb' PDB를 'DirectXTex_debug.lib(DirectXTexMipMaps.obj)' 또는 'C:\Users\user\source\repos\DX\dx11_2\Binaries\DirectXTex.pdb'에서 찾을 수 없습니다. 디버그 정보가 없는 것처럼 개체를 링크합니다.
DirectXTex_debug.lib(DirectXTexUtil.obj) : warning LNK4099: 'DirectXTex.pdb' PDB를 'DirectXTex_debug.lib(DirectXTexUtil.obj)' 또는 'C:\Users\user\source\repos\DX\dx11_2\Binaries\DirectXTex.pdb'에서 찾을 수 없습니다. 디버그 정보가 없는 것처럼 개체를 링크합니다.
DirectXTex_debug.lib(DirectXTexWIC.obj) : warning LNK4099: 'DirectXTex.pdb' PDB를 'DirectXTex_debug.lib(DirectXTexWIC.obj)' 또는 'C:\Users\user\source\repos\DX\dx11_2\Binaries\DirectXTex.pdb'에서 찾을 수 없습니다. 디버그 정보가 없는 것처럼 개체를 링크합니다.
  Client.vcxproj -> C:\Users\user\source\repos\DX\dx11_2\Binaries\Client.exe
