C:\Program Files (x86)\Microsoft Visual Studio\2019\Community\MSBuild\Microsoft\VC\v160\Microsoft.CppBuild.targets(513,5): warning MSB8028: 중간 디렉터리(C:\Users\user\source\repos\DX\dx11_2\Intermediate\Debug\)에 다른 프로젝트(Client.vcxproj, Engine.vcxproj)에서 공유하는 파일이 포함되어 있습니다.  이로 인해 잘못된 정리 및 다시 빌드 동작이 수행될 수 있습니다.
  AssimpTool.cpp
  Converter.cpp
C:\Users\user\source\repos\DX\dx11_2\AssimpTool\Converter.cpp(109,20): warning C4018: '<': signed 또는 unsigned가 일치하지 않습니다.
C:\Users\user\source\repos\DX\dx11_2\AssimpTool\Converter.cpp(111,57): warning C4267: '인수': 'size_t'에서 'int32'(으)로 변환하면서 데이터가 손실될 수 있습니다.
C:\Users\user\source\repos\DX\dx11_2\AssimpTool\Converter.cpp(136,51): warning C4267: '초기화 중': 'size_t'에서 'uint32'(으)로 변환하면서 데이터가 손실될 수 있습니다.
C:\Users\user\source\repos\DX\dx11_2\AssimpTool\Converter.cpp(136,51): warning C4267: '초기화 중': 'size_t'에서 'const uint32'(으)로 변환하면서 데이터가 손실될 수 있습니다.
C:\Users\user\source\repos\DX\dx11_2\AssimpTool\Converter.cpp(219,35): warning C4267: '인수': 'size_t'에서 'const T'(으)로 변환하면서 데이터가 손실될 수 있습니다.
          with
          [
              T=uint32
          ]
C:\Users\user\source\repos\DX\dx11_2\AssimpTool\Converter.cpp(229,36): warning C4267: '인수': 'size_t'에서 'const T'(으)로 변환하면서 데이터가 손실될 수 있습니다.
          with
          [
              T=uint32
          ]
C:\Users\user\source\repos\DX\dx11_2\AssimpTool\Converter.cpp(237,48): warning C4267: '인수': 'size_t'에서 'const T'(으)로 변환하면서 데이터가 손실될 수 있습니다.
          with
          [
              T=uint32
          ]
C:\Users\user\source\repos\DX\dx11_2\AssimpTool\Converter.cpp(238,85): warning C4267: '인수': 'size_t'에서 'uint32'(으)로 변환하면서 데이터가 손실될 수 있습니다.
C:\Users\user\source\repos\DX\dx11_2\AssimpTool\Converter.cpp(241,47): warning C4267: '인수': 'size_t'에서 'const T'(으)로 변환하면서 데이터가 손실될 수 있습니다.
          with
          [
              T=uint32
          ]
C:\Users\user\source\repos\DX\dx11_2\AssimpTool\Converter.cpp(242,79): warning C4267: '인수': 'size_t'에서 'uint32'(으)로 변환하면서 데이터가 손실될 수 있습니다.
  코드를 생성하고 있습니다...
DirectXTex_debug.lib(BC.obj) : warning LNK4099: 'DirectXTex.pdb' PDB를 'DirectXTex_debug.lib(BC.obj)' 또는 'C:\Users\user\source\repos\DX\dx11_2\Binaries\DirectXTex.pdb'에서 찾을 수 없습니다. 디버그 정보가 없는 것처럼 개체를 링크합니다.
DirectXTex_debug.lib(BC4BC5.obj) : warning LNK4099: 'DirectXTex.pdb' PDB를 'DirectXTex_debug.lib(BC4BC5.obj)' 또는 'C:\Users\user\source\repos\DX\dx11_2\Binaries\DirectXTex.pdb'에서 찾을 수 없습니다. 디버그 정보가 없는 것처럼 개체를 링크합니다.
DirectXTex_debug.lib(BC6HBC7.obj) : warning LNK4099: 'DirectXTex.pdb' PDB를 'DirectXTex_debug.lib(BC6HBC7.obj)' 또는 'C:\Users\user\source\repos\DX\dx11_2\Binaries\DirectXTex.pdb'에서 찾을 수 없습니다. 디버그 정보가 없는 것처럼 개체를 링크합니다.
DirectXTex_debug.lib(DirectXTexCompress.obj) : warning LNK4099: 'DirectXTex.pdb' PDB를 'DirectXTex_debug.lib(DirectXTexCompress.obj)' 또는 'C:\Users\user\source\repos\DX\dx11_2\Binaries\DirectXTex.pdb'에서 찾을 수 없습니다. 디버그 정보가 없는 것처럼 개체를 링크합니다.
DirectXTex_debug.lib(DirectXTexConvert.obj) : warning LNK4099: 'DirectXTex.pdb' PDB를 'DirectXTex_debug.lib(DirectXTexConvert.obj)' 또는 'C:\Users\user\source\repos\DX\dx11_2\Binaries\DirectXTex.pdb'에서 찾을 수 없습니다. 디버그 정보가 없는 것처럼 개체를 링크합니다.
DirectXTex_debug.lib(DirectXTexD3D11.obj) : warning LNK4099: 'DirectXTex.pdb' PDB를 'DirectXTex_debug.lib(DirectXTexD3D11.obj)' 또는 'C:\Users\user\source\repos\DX\dx11_2\Binaries\DirectXTex.pdb'에서 찾을 수 없습니다. 디버그 정보가 없는 것처럼 개체를 링크합니다.
DirectXTex_debug.lib(DirectXTexDDS.obj) : warning LNK4099: 'DirectXTex.pdb' PDB를 'DirectXTex_debug.lib(DirectXTexDDS.obj)' 또는 'C:\Users\user\source\repos\DX\dx11_2\Binaries\DirectXTex.pdb'에서 찾을 수 없습니다. 디버그 정보가 없는 것처럼 개체를 링크합니다.
DirectXTex_debug.lib(DirectXTexImage.obj) : warning LNK4099: 'DirectXTex.pdb' PDB를 'DirectXTex_debug.lib(DirectXTexImage.obj)' 또는 'C:\Users\user\source\repos\DX\dx11_2\Binaries\DirectXTex.pdb'에서 찾을 수 없습니다. 디버그 정보가 없는 것처럼 개체를 링크합니다.
DirectXTex_debug.lib(DirectXTexMipMaps.obj) : warning LNK4099: 'DirectXTex.pdb' PDB를 'DirectXTex_debug.lib(DirectXTexMipMaps.obj)' 또는 'C:\Users\user\source\repos\DX\dx11_2\Binaries\DirectXTex.pdb'에서 찾을 수 없습니다. 디버그 정보가 없는 것처럼 개체를 링크합니다.
DirectXTex_debug.lib(DirectXTexUtil.obj) : warning LNK4099: 'DirectXTex.pdb' PDB를 'DirectXTex_debug.lib(DirectXTexUtil.obj)' 또는 'C:\Users\user\source\repos\DX\dx11_2\Binaries\DirectXTex.pdb'에서 찾을 수 없습니다. 디버그 정보가 없는 것처럼 개체를 링크합니다.
DirectXTex_debug.lib(DirectXTexWIC.obj) : warning LNK4099: 'DirectXTex.pdb' PDB를 'DirectXTex_debug.lib(DirectXTexWIC.obj)' 또는 'C:\Users\user\source\repos\DX\dx11_2\Binaries\DirectXTex.pdb'에서 찾을 수 없습니다. 디버그 정보가 없는 것처럼 개체를 링크합니다.
  AssimpTool.vcxproj -> C:\Users\user\source\repos\DX\dx11_2\Binaries\AssimpTool.exe
