c:\users\user\source\repos\dx\dx11_2\intermediate\debug\assimptool.pch
c:\users\user\source\repos\dx\dx11_2\intermediate\debug\vc142.pdb
c:\users\user\source\repos\dx\dx11_2\intermediate\debug\vc142.idb
c:\users\user\source\repos\dx\dx11_2\intermediate\debug\pch.obj
c:\users\user\source\repos\dx\dx11_2\intermediate\debug\tweendemo.obj
c:\users\user\source\repos\dx\dx11_2\intermediate\debug\staticmeshdemo.obj
c:\users\user\source\repos\dx\dx11_2\intermediate\debug\main.obj
c:\users\user\source\repos\dx\dx11_2\intermediate\debug\imguidemo.obj
c:\users\user\source\repos\dx\dx11_2\intermediate\debug\converter.obj
c:\users\user\source\repos\dx\dx11_2\intermediate\debug\camerascript.obj
c:\users\user\source\repos\dx\dx11_2\intermediate\debug\astypes.obj
c:\users\user\source\repos\dx\dx11_2\intermediate\debug\assimptool.obj
c:\users\user\source\repos\dx\dx11_2\intermediate\debug\animationdemo.obj
c:\users\user\source\repos\dx\dx11_2\intermediate\debug\skydemo.obj
c:\users\user\source\repos\dx\dx11_2\binaries\assimptool.exe
c:\users\user\source\repos\dx\dx11_2\intermediate\debug\assimptool.ilk
c:\users\user\source\repos\dx\dx11_2\binaries\assimptool.pdb
c:\users\user\source\repos\dx\dx11_2\intermediate\debug\camera.obj
c:\users\user\source\repos\dx\dx11_2\intermediate\debug\component.obj
c:\users\user\source\repos\dx\dx11_2\intermediate\debug\constantbuffer.obj
c:\users\user\source\repos\dx\dx11_2\intermediate\debug\fileutils.obj
c:\users\user\source\repos\dx\dx11_2\intermediate\debug\game.obj
c:\users\user\source\repos\dx\dx11_2\intermediate\debug\gameobject.obj
c:\users\user\source\repos\dx\dx11_2\intermediate\debug\geometry.obj
c:\users\user\source\repos\dx\dx11_2\intermediate\debug\geometryhelper.obj
c:\users\user\source\repos\dx\dx11_2\intermediate\debug\graphics.obj
c:\users\user\source\repos\dx\dx11_2\intermediate\debug\iexecute.obj
c:\users\user\source\repos\dx\dx11_2\intermediate\debug\imgui.obj
c:\users\user\source\repos\dx\dx11_2\intermediate\debug\imguimanager.obj
c:\users\user\source\repos\dx\dx11_2\intermediate\debug\imgui_demo.obj
c:\users\user\source\repos\dx\dx11_2\intermediate\debug\imgui_draw.obj
c:\users\user\source\repos\dx\dx11_2\intermediate\debug\imgui_impl_dx11.obj
c:\users\user\source\repos\dx\dx11_2\intermediate\debug\imgui_impl_win32.obj
c:\users\user\source\repos\dx\dx11_2\intermediate\debug\imgui_tables.obj
c:\users\user\source\repos\dx\dx11_2\intermediate\debug\imgui_widgets.obj
c:\users\user\source\repos\dx\dx11_2\intermediate\debug\indexbuffer.obj
c:\users\user\source\repos\dx\dx11_2\intermediate\debug\inputmanager.obj
c:\users\user\source\repos\dx\dx11_2\intermediate\debug\material.obj
c:\users\user\source\repos\dx\dx11_2\intermediate\debug\mesh.obj
c:\users\user\source\repos\dx\dx11_2\intermediate\debug\meshrenderer.obj
c:\users\user\source\repos\dx\dx11_2\intermediate\debug\model.obj
c:\users\user\source\repos\dx\dx11_2\intermediate\debug\modelanimation.obj
c:\users\user\source\repos\dx\dx11_2\intermediate\debug\modelanimator.obj
c:\users\user\source\repos\dx\dx11_2\intermediate\debug\modelmesh.obj
c:\users\user\source\repos\dx\dx11_2\intermediate\debug\modelrenderer.obj
c:\users\user\source\repos\dx\dx11_2\intermediate\debug\monobehaviour.obj
c:\users\user\source\repos\dx\dx11_2\intermediate\debug\pass.obj
c:\users\user\source\repos\dx\dx11_2\intermediate\debug\rendermanager.obj
c:\users\user\source\repos\dx\dx11_2\intermediate\debug\resourcebase.obj
c:\users\user\source\repos\dx\dx11_2\intermediate\debug\resourcemanager.obj
c:\users\user\source\repos\dx\dx11_2\intermediate\debug\shader.obj
c:\users\user\source\repos\dx\dx11_2\intermediate\debug\simplemath.obj
c:\users\user\source\repos\dx\dx11_2\intermediate\debug\technique.obj
c:\users\user\source\repos\dx\dx11_2\intermediate\debug\texture.obj
c:\users\user\source\repos\dx\dx11_2\intermediate\debug\timemanager.obj
c:\users\user\source\repos\dx\dx11_2\intermediate\debug\tinyxml2.obj
c:\users\user\source\repos\dx\dx11_2\intermediate\debug\transform.obj
c:\users\user\source\repos\dx\dx11_2\intermediate\debug\utils.obj
c:\users\user\source\repos\dx\dx11_2\intermediate\debug\vertexbuffer.obj
c:\users\user\source\repos\dx\dx11_2\intermediate\debug\vertexdata.obj
c:\users\user\source\repos\dx\dx11_2\intermediate\debug\engine.pch
c:\users\user\source\repos\dx\dx11_2\intermediate\debug\assimptool.tlog\cl.command.1.tlog
c:\users\user\source\repos\dx\dx11_2\intermediate\debug\assimptool.tlog\cl.read.1.tlog
c:\users\user\source\repos\dx\dx11_2\intermediate\debug\assimptool.tlog\cl.write.1.tlog
c:\users\user\source\repos\dx\dx11_2\intermediate\debug\assimptool.tlog\link.command.1.tlog
c:\users\user\source\repos\dx\dx11_2\intermediate\debug\assimptool.tlog\link.read.1.tlog
c:\users\user\source\repos\dx\dx11_2\intermediate\debug\assimptool.tlog\link.write.1.tlog
