c:\users\user\source\repos\dx\dx11_2\intermediate\debug\client.pch
c:\users\user\source\repos\dx\dx11_2\intermediate\debug\vc142.pdb
c:\users\user\source\repos\dx\dx11_2\intermediate\debug\vc142.idb
c:\users\user\source\repos\dx\dx11_2\intermediate\debug\pch.obj
c:\users\user\source\repos\dx\dx11_2\intermediate\debug\texturebufferdemo.obj
c:\users\user\source\repos\dx\dx11_2\intermediate\debug\main.obj
c:\users\user\source\repos\dx\dx11_2\intermediate\debug\camerascript.obj
c:\users\user\source\repos\dx\dx11_2\intermediate\debug\scenedemo.obj
c:\users\user\source\repos\dx\dx11_2\intermediate\debug\rawbufferdemo.obj
c:\users\user\source\repos\dx\dx11_2\intermediate\debug\groupdemo.obj
c:\users\user\source\repos\dx\dx11_2\intermediate\debug\structuredbufferdemo.obj
c:\users\user\source\repos\dx\dx11_2\binaries\00. global.cso
c:\users\user\source\repos\dx\dx11_2\binaries\00. light.cso
c:\users\user\source\repos\dx\dx11_2\binaries\00. render.cso
c:\users\user\source\repos\dx\dx11_2\binaries\01. triangle.cso
c:\users\user\source\repos\dx\dx11_2\binaries\02. quad.cso
c:\users\user\source\repos\dx\dx11_2\binaries\03. constbuffer.cso
c:\users\user\source\repos\dx\dx11_2\binaries\04. texture.cso
c:\users\user\source\repos\dx\dx11_2\binaries\05. sampler.cso
c:\users\user\source\repos\dx\dx11_2\binaries\06. terrain.cso
c:\users\user\source\repos\dx\dx11_2\binaries\07. normal.cso
c:\users\user\source\repos\dx\dx11_2\binaries\08. globaltest.cso
c:\users\user\source\repos\dx\dx11_2\binaries\09. lighting_ambient.cso
c:\users\user\source\repos\dx\dx11_2\binaries\10. lighting_diffuse.cso
c:\users\user\source\repos\dx\dx11_2\binaries\11. lighting_specular.cso
c:\users\user\source\repos\dx\dx11_2\binaries\12. lighting_emissive.cso
c:\users\user\source\repos\dx\dx11_2\binaries\13. lighting.cso
c:\users\user\source\repos\dx\dx11_2\binaries\14. normalmapping.cso
c:\users\user\source\repos\dx\dx11_2\binaries\15. modeldemo.cso
c:\users\user\source\repos\dx\dx11_2\binaries\16. animationdemo.cso
c:\users\user\source\repos\dx\dx11_2\binaries\17. tweendemo.cso
c:\users\user\source\repos\dx\dx11_2\binaries\18. skydemo.cso
c:\users\user\source\repos\dx\dx11_2\binaries\19. instancingdemo.cso
c:\users\user\source\repos\dx\dx11_2\binaries\20. meshinstancingdemo.cso
c:\users\user\source\repos\dx\dx11_2\binaries\21. modelinstancingdemo.cso
c:\users\user\source\repos\dx\dx11_2\binaries\22. animinstancingdemo.cso
c:\users\user\source\repos\dx\dx11_2\binaries\24. rawbufferdemo.cso
c:\users\user\source\repos\dx\dx11_2\binaries\25. groupdemo.cso
c:\users\user\source\repos\dx\dx11_2\binaries\23. renderdemo.cso
c:\users\user\source\repos\dx\dx11_2\binaries\26. texturebufferdemo.cso
c:\users\user\source\repos\dx\dx11_2\binaries\27. structuredbufferdemo.cso
c:\users\user\source\repos\dx\dx11_2\binaries\client.exe
c:\users\user\source\repos\dx\dx11_2\intermediate\debug\client.ilk
c:\users\user\source\repos\dx\dx11_2\binaries\client.pdb
c:\users\user\source\repos\dx\dx11_2\intermediate\debug\camera.obj
c:\users\user\source\repos\dx\dx11_2\intermediate\debug\component.obj
c:\users\user\source\repos\dx\dx11_2\intermediate\debug\constantbuffer.obj
c:\users\user\source\repos\dx\dx11_2\intermediate\debug\fileutils.obj
c:\users\user\source\repos\dx\dx11_2\intermediate\debug\game.obj
c:\users\user\source\repos\dx\dx11_2\intermediate\debug\gameobject.obj
c:\users\user\source\repos\dx\dx11_2\intermediate\debug\geometry.obj
c:\users\user\source\repos\dx\dx11_2\intermediate\debug\geometryhelper.obj
c:\users\user\source\repos\dx\dx11_2\intermediate\debug\graphics.obj
c:\users\user\source\repos\dx\dx11_2\intermediate\debug\iexecute.obj
c:\users\user\source\repos\dx\dx11_2\intermediate\debug\imgui.obj
c:\users\user\source\repos\dx\dx11_2\intermediate\debug\imguimanager.obj
c:\users\user\source\repos\dx\dx11_2\intermediate\debug\imgui_demo.obj
c:\users\user\source\repos\dx\dx11_2\intermediate\debug\imgui_draw.obj
c:\users\user\source\repos\dx\dx11_2\intermediate\debug\imgui_impl_dx11.obj
c:\users\user\source\repos\dx\dx11_2\intermediate\debug\imgui_impl_win32.obj
c:\users\user\source\repos\dx\dx11_2\intermediate\debug\imgui_tables.obj
c:\users\user\source\repos\dx\dx11_2\intermediate\debug\imgui_widgets.obj
c:\users\user\source\repos\dx\dx11_2\intermediate\debug\indexbuffer.obj
c:\users\user\source\repos\dx\dx11_2\intermediate\debug\inputmanager.obj
c:\users\user\source\repos\dx\dx11_2\intermediate\debug\instancingbuffer.obj
c:\users\user\source\repos\dx\dx11_2\intermediate\debug\instancingmanager.obj
c:\users\user\source\repos\dx\dx11_2\intermediate\debug\light.obj
c:\users\user\source\repos\dx\dx11_2\intermediate\debug\material.obj
c:\users\user\source\repos\dx\dx11_2\intermediate\debug\mesh.obj
c:\users\user\source\repos\dx\dx11_2\intermediate\debug\meshrenderer.obj
c:\users\user\source\repos\dx\dx11_2\intermediate\debug\model.obj
c:\users\user\source\repos\dx\dx11_2\intermediate\debug\modelanimation.obj
c:\users\user\source\repos\dx\dx11_2\intermediate\debug\modelanimator.obj
c:\users\user\source\repos\dx\dx11_2\intermediate\debug\modelmesh.obj
c:\users\user\source\repos\dx\dx11_2\intermediate\debug\modelrenderer.obj
c:\users\user\source\repos\dx\dx11_2\intermediate\debug\monobehaviour.obj
c:\users\user\source\repos\dx\dx11_2\intermediate\debug\pass.obj
c:\users\user\source\repos\dx\dx11_2\intermediate\debug\rawbuffer.obj
c:\users\user\source\repos\dx\dx11_2\intermediate\debug\rendermanager.obj
c:\users\user\source\repos\dx\dx11_2\intermediate\debug\resourcebase.obj
c:\users\user\source\repos\dx\dx11_2\intermediate\debug\resourcemanager.obj
c:\users\user\source\repos\dx\dx11_2\intermediate\debug\scene.obj
c:\users\user\source\repos\dx\dx11_2\intermediate\debug\scenemanager.obj
c:\users\user\source\repos\dx\dx11_2\intermediate\debug\shader.obj
c:\users\user\source\repos\dx\dx11_2\intermediate\debug\simplemath.obj
c:\users\user\source\repos\dx\dx11_2\intermediate\debug\structuredbuffer.obj
c:\users\user\source\repos\dx\dx11_2\intermediate\debug\technique.obj
c:\users\user\source\repos\dx\dx11_2\intermediate\debug\texture.obj
c:\users\user\source\repos\dx\dx11_2\intermediate\debug\texturebuffer.obj
c:\users\user\source\repos\dx\dx11_2\intermediate\debug\timemanager.obj
c:\users\user\source\repos\dx\dx11_2\intermediate\debug\tinyxml2.obj
c:\users\user\source\repos\dx\dx11_2\intermediate\debug\transform.obj
c:\users\user\source\repos\dx\dx11_2\intermediate\debug\utils.obj
c:\users\user\source\repos\dx\dx11_2\intermediate\debug\vertexbuffer.obj
c:\users\user\source\repos\dx\dx11_2\intermediate\debug\vertexdata.obj
c:\users\user\source\repos\dx\dx11_2\intermediate\debug\engine.pch
c:\users\user\source\repos\dx\dx11_2\intermediate\debug\client.tlog\cl.command.1.tlog
c:\users\user\source\repos\dx\dx11_2\intermediate\debug\client.tlog\cl.read.1.tlog
c:\users\user\source\repos\dx\dx11_2\intermediate\debug\client.tlog\cl.write.1.tlog
c:\users\user\source\repos\dx\dx11_2\intermediate\debug\client.tlog\fxc.command.1.tlog
c:\users\user\source\repos\dx\dx11_2\intermediate\debug\client.tlog\fxc.read.1.tlog
c:\users\user\source\repos\dx\dx11_2\intermediate\debug\client.tlog\fxc.write.1.tlog
c:\users\user\source\repos\dx\dx11_2\intermediate\debug\client.tlog\link.command.1.tlog
c:\users\user\source\repos\dx\dx11_2\intermediate\debug\client.tlog\link.read.1.tlog
c:\users\user\source\repos\dx\dx11_2\intermediate\debug\client.tlog\link.write.1.tlog
