c:\users\user\source\repos\dx\dx11_2\intermediate\debug\engine.pch
c:\users\user\source\repos\dx\dx11_2\libraries\lib\engine\engine.pdb
c:\users\user\source\repos\dx\dx11_2\libraries\lib\engine\engine.idb
c:\users\user\source\repos\dx\dx11_2\intermediate\debug\pch.obj
c:\users\user\source\repos\dx\dx11_2\intermediate\debug\light.obj
c:\users\user\source\repos\dx\dx11_2\intermediate\debug\instancingmanager.obj
c:\users\user\source\repos\dx\dx11_2\intermediate\debug\instancingbuffer.obj
c:\users\user\source\repos\dx\dx11_2\intermediate\debug\inputmanager.obj
c:\users\user\source\repos\dx\dx11_2\intermediate\debug\indexbuffer.obj
c:\users\user\source\repos\dx\dx11_2\intermediate\debug\imguimanager.obj
c:\users\user\source\repos\dx\dx11_2\intermediate\debug\iexecute.obj
c:\users\user\source\repos\dx\dx11_2\intermediate\debug\graphics.obj
c:\users\user\source\repos\dx\dx11_2\intermediate\debug\geometryhelper.obj
c:\users\user\source\repos\dx\dx11_2\intermediate\debug\geometry.obj
c:\users\user\source\repos\dx\dx11_2\intermediate\debug\gameobject.obj
c:\users\user\source\repos\dx\dx11_2\intermediate\debug\game.obj
c:\users\user\source\repos\dx\dx11_2\intermediate\debug\fileutils.obj
c:\users\user\source\repos\dx\dx11_2\intermediate\debug\constantbuffer.obj
c:\users\user\source\repos\dx\dx11_2\intermediate\debug\component.obj
c:\users\user\source\repos\dx\dx11_2\intermediate\debug\camera.obj
c:\users\user\source\repos\dx\dx11_2\intermediate\debug\button.obj
c:\users\user\source\repos\dx\dx11_2\intermediate\debug\billboard.obj
c:\users\user\source\repos\dx\dx11_2\intermediate\debug\basecollider.obj
c:\users\user\source\repos\dx\dx11_2\intermediate\debug\aabbboxcollider.obj
c:\users\user\source\repos\dx\dx11_2\intermediate\debug\shader.obj
c:\users\user\source\repos\dx\dx11_2\intermediate\debug\scenemanager.obj
c:\users\user\source\repos\dx\dx11_2\intermediate\debug\scene.obj
c:\users\user\source\repos\dx\dx11_2\intermediate\debug\resourcemanager.obj
c:\users\user\source\repos\dx\dx11_2\intermediate\debug\resourcebase.obj
c:\users\user\source\repos\dx\dx11_2\intermediate\debug\bindshaderdesc.obj
c:\users\user\source\repos\dx\dx11_2\intermediate\debug\rawbuffer.obj
c:\users\user\source\repos\dx\dx11_2\intermediate\debug\primitive3d.obj
c:\users\user\source\repos\dx\dx11_2\intermediate\debug\pass.obj
c:\users\user\source\repos\dx\dx11_2\intermediate\debug\obbboxcollider.obj
c:\users\user\source\repos\dx\dx11_2\intermediate\debug\monobehaviour.obj
c:\users\user\source\repos\dx\dx11_2\intermediate\debug\modelrenderer.obj
c:\users\user\source\repos\dx\dx11_2\intermediate\debug\modelmesh.obj
c:\users\user\source\repos\dx\dx11_2\intermediate\debug\modelanimator.obj
c:\users\user\source\repos\dx\dx11_2\intermediate\debug\modelanimation.obj
c:\users\user\source\repos\dx\dx11_2\intermediate\debug\model.obj
c:\users\user\source\repos\dx\dx11_2\intermediate\debug\meshrenderer.obj
c:\users\user\source\repos\dx\dx11_2\intermediate\debug\mesh.obj
c:\users\user\source\repos\dx\dx11_2\intermediate\debug\mathutils.obj
c:\users\user\source\repos\dx\dx11_2\intermediate\debug\material.obj
c:\users\user\source\repos\dx\dx11_2\intermediate\debug\viewport.obj
c:\users\user\source\repos\dx\dx11_2\intermediate\debug\vertexdata.obj
c:\users\user\source\repos\dx\dx11_2\intermediate\debug\vertexbuffer.obj
c:\users\user\source\repos\dx\dx11_2\intermediate\debug\utils.obj
c:\users\user\source\repos\dx\dx11_2\intermediate\debug\transform.obj
c:\users\user\source\repos\dx\dx11_2\intermediate\debug\timemanager.obj
c:\users\user\source\repos\dx\dx11_2\intermediate\debug\texturebuffer.obj
c:\users\user\source\repos\dx\dx11_2\intermediate\debug\texture.obj
c:\users\user\source\repos\dx\dx11_2\intermediate\debug\terrain.obj
c:\users\user\source\repos\dx\dx11_2\intermediate\debug\technique.obj
c:\users\user\source\repos\dx\dx11_2\intermediate\debug\structuredbuffer.obj
c:\users\user\source\repos\dx\dx11_2\intermediate\debug\spherecollider.obj
c:\users\user\source\repos\dx\dx11_2\intermediate\debug\simplemath.obj
c:\users\user\source\repos\dx\dx11_2\intermediate\debug\tinyxml2.obj
c:\users\user\source\repos\dx\dx11_2\intermediate\debug\imgui_widgets.obj
c:\users\user\source\repos\dx\dx11_2\intermediate\debug\imgui_tables.obj
c:\users\user\source\repos\dx\dx11_2\intermediate\debug\imgui_impl_win32.obj
c:\users\user\source\repos\dx\dx11_2\intermediate\debug\imgui_impl_dx11.obj
c:\users\user\source\repos\dx\dx11_2\intermediate\debug\imgui_draw.obj
c:\users\user\source\repos\dx\dx11_2\intermediate\debug\imgui_demo.obj
c:\users\user\source\repos\dx\dx11_2\intermediate\debug\imgui.obj
c:\users\user\source\repos\dx\dx11_2\libraries\lib\engine\engine.lib
c:\users\user\source\repos\dx\dx11_2\intermediate\debug\billboarddemo.obj
c:\users\user\source\repos\dx\dx11_2\intermediate\debug\buttondemo.obj
c:\users\user\source\repos\dx\dx11_2\intermediate\debug\camerascript.obj
c:\users\user\source\repos\dx\dx11_2\intermediate\debug\collisiondemo.obj
c:\users\user\source\repos\dx\dx11_2\intermediate\debug\groupdemo.obj
c:\users\user\source\repos\dx\dx11_2\intermediate\debug\main.obj
c:\users\user\source\repos\dx\dx11_2\intermediate\debug\orthographicdemo.obj
c:\users\user\source\repos\dx\dx11_2\intermediate\debug\rawbufferdemo.obj
c:\users\user\source\repos\dx\dx11_2\intermediate\debug\scenedemo.obj
c:\users\user\source\repos\dx\dx11_2\intermediate\debug\structuredbufferdemo.obj
c:\users\user\source\repos\dx\dx11_2\intermediate\debug\texturebufferdemo.obj
c:\users\user\source\repos\dx\dx11_2\intermediate\debug\viewportdemo.obj
c:\users\user\source\repos\dx\dx11_2\intermediate\debug\client.ilk
c:\users\user\source\repos\dx\dx11_2\intermediate\debug\client.pch
c:\users\user\source\repos\dx\dx11_2\intermediate\debug\vc142.idb
c:\users\user\source\repos\dx\dx11_2\intermediate\debug\vc142.pdb
c:\users\user\source\repos\dx\dx11_2\intermediate\debug\engine.tlog\cl.command.1.tlog
c:\users\user\source\repos\dx\dx11_2\intermediate\debug\engine.tlog\cl.read.1.tlog
c:\users\user\source\repos\dx\dx11_2\intermediate\debug\engine.tlog\cl.write.1.tlog
c:\users\user\source\repos\dx\dx11_2\intermediate\debug\engine.tlog\lib-link.read.1.tlog
c:\users\user\source\repos\dx\dx11_2\intermediate\debug\engine.tlog\lib-link.write.1.tlog
c:\users\user\source\repos\dx\dx11_2\intermediate\debug\engine.tlog\lib.command.1.tlog
