c:\users\user\source\repos\dx11_2\intermediate\debug\engine.pch
c:\users\user\source\repos\dx11_2\libraries\lib\engine\engine.pdb
c:\users\user\source\repos\dx11_2\libraries\lib\engine\engine.idb
c:\users\user\source\repos\dx11_2\intermediate\debug\pch.obj
c:\users\user\source\repos\dx11_2\intermediate\debug\vertexdata.obj
c:\users\user\source\repos\dx11_2\intermediate\debug\vertexbuffer.obj
c:\users\user\source\repos\dx11_2\intermediate\debug\utils.obj
c:\users\user\source\repos\dx11_2\intermediate\debug\timemanager.obj
c:\users\user\source\repos\dx11_2\intermediate\debug\texture.obj
c:\users\user\source\repos\dx11_2\intermediate\debug\technique.obj
c:\users\user\source\repos\dx11_2\intermediate\debug\simplemath.obj
c:\users\user\source\repos\dx11_2\intermediate\debug\shader.obj
c:\users\user\source\repos\dx11_2\intermediate\debug\resourcemanager.obj
c:\users\user\source\repos\dx11_2\intermediate\debug\resourcebase.obj
c:\users\user\source\repos\dx11_2\intermediate\debug\pass.obj
c:\users\user\source\repos\dx11_2\intermediate\debug\inputmanager.obj
c:\users\user\source\repos\dx11_2\intermediate\debug\indexbuffer.obj
c:\users\user\source\repos\dx11_2\intermediate\debug\iexecute.obj
c:\users\user\source\repos\dx11_2\intermediate\debug\graphics.obj
c:\users\user\source\repos\dx11_2\intermediate\debug\geometry.obj
c:\users\user\source\repos\dx11_2\intermediate\debug\game.obj
c:\users\user\source\repos\dx11_2\intermediate\debug\constantbuffer.obj
c:\users\user\source\repos\dx11_2\intermediate\debug\tinyxml2.obj
c:\users\user\source\repos\dx11_2\libraries\lib\engine\engine.lib
c:\users\user\source\repos\dx11_2\intermediate\debug\01. triangledemo.obj
c:\users\user\source\repos\dx11_2\intermediate\debug\main.obj
c:\users\user\source\repos\dx11_2\intermediate\debug\client.ilk
c:\users\user\source\repos\dx11_2\intermediate\debug\client.pch
c:\users\user\source\repos\dx11_2\intermediate\debug\vc142.idb
c:\users\user\source\repos\dx11_2\intermediate\debug\vc142.pdb
c:\users\user\source\repos\dx11_2\intermediate\debug\engine.tlog\cl.command.1.tlog
c:\users\user\source\repos\dx11_2\intermediate\debug\engine.tlog\cl.read.1.tlog
c:\users\user\source\repos\dx11_2\intermediate\debug\engine.tlog\cl.write.1.tlog
c:\users\user\source\repos\dx11_2\intermediate\debug\engine.tlog\lib-link.read.1.tlog
c:\users\user\source\repos\dx11_2\intermediate\debug\engine.tlog\lib-link.write.1.tlog
c:\users\user\source\repos\dx11_2\intermediate\debug\engine.tlog\lib.command.1.tlog
