c:\users\user\source\repos\dx\dx11_1\dx11_1\x64\debug\vc142.pdb
c:\users\user\source\repos\dx\dx11_1\dx11_1\x64\debug\vc142.idb
c:\users\user\source\repos\dx\dx11_1\dx11_1\x64\debug\pch.obj
c:\users\user\source\repos\dx\dx11_1\dx11_1\x64\debug\monobehaviour.obj
c:\users\user\source\repos\dx\dx11_1\dx11_1\x64\debug\mesh.obj
c:\users\user\source\repos\dx\dx11_1\dx11_1\x64\debug\material.obj
c:\users\user\source\repos\dx\dx11_1\dx11_1\x64\debug\inputmanager.obj
c:\users\user\source\repos\dx\dx11_1\dx11_1\x64\debug\inputlayout.obj
c:\users\user\source\repos\dx\dx11_1\dx11_1\x64\debug\indexbuffer.obj
c:\users\user\source\repos\dx\dx11_1\dx11_1\x64\debug\graphics.obj
c:\users\user\source\repos\dx\dx11_1\dx11_1\x64\debug\geometryhelper.obj
c:\users\user\source\repos\dx\dx11_1\dx11_1\x64\debug\geometry.obj
c:\users\user\source\repos\dx\dx11_1\dx11_1\x64\debug\constantbuffer.obj
c:\users\user\source\repos\dx\dx11_1\dx11_1\x64\debug\blendstate.obj
c:\users\user\source\repos\dx\dx11_1\dx11_1\x64\debug\animator.obj
c:\users\user\source\repos\dx\dx11_1\dx11_1\x64\debug\animation.obj
c:\users\user\source\repos\dx\dx11_1\dx11_1\x64\debug\vertexdata.obj
c:\users\user\source\repos\dx\dx11_1\dx11_1\x64\debug\vertexbuffer.obj
c:\users\user\source\repos\dx\dx11_1\dx11_1\x64\debug\transform.obj
c:\users\user\source\repos\dx\dx11_1\dx11_1\x64\debug\timemanager.obj
c:\users\user\source\repos\dx\dx11_1\dx11_1\x64\debug\texture.obj
c:\users\user\source\repos\dx\dx11_1\dx11_1\x64\debug\simplemath.obj
c:\users\user\source\repos\dx\dx11_1\dx11_1\x64\debug\shaderbase.obj
c:\users\user\source\repos\dx\dx11_1\dx11_1\x64\debug\shader.obj
c:\users\user\source\repos\dx\dx11_1\dx11_1\x64\debug\samplerstate.obj
c:\users\user\source\repos\dx\dx11_1\dx11_1\x64\debug\resourcemanager.obj
c:\users\user\source\repos\dx\dx11_1\dx11_1\x64\debug\resourcebase.obj
c:\users\user\source\repos\dx\dx11_1\dx11_1\x64\debug\renderhelper.obj
c:\users\user\source\repos\dx\dx11_1\dx11_1\x64\debug\rasterizerstate.obj
c:\users\user\source\repos\dx\dx11_1\dx11_1\x64\debug\pipeline.obj
c:\users\user\source\repos\dx\dx11_1\binaries\default.cso
c:\users\user\source\repos\dx\dx11_1\dx11_1\x64\debug\dx11_1.tlog\cl.command.1.tlog
c:\users\user\source\repos\dx\dx11_1\dx11_1\x64\debug\dx11_1.tlog\cl.read.1.tlog
c:\users\user\source\repos\dx\dx11_1\dx11_1\x64\debug\dx11_1.tlog\cl.write.1.tlog
c:\users\user\source\repos\dx\dx11_1\dx11_1\x64\debug\dx11_1.tlog\fxc.command.1.tlog
c:\users\user\source\repos\dx\dx11_1\dx11_1\x64\debug\dx11_1.tlog\fxc.read.1.tlog
c:\users\user\source\repos\dx\dx11_1\dx11_1\x64\debug\dx11_1.tlog\fxc.write.1.tlog
